<?xml version="1.0" encoding="UTF-8"?>
<!-- Generated by org.testng.reporters.JUnitReportReporter -->
<testsuite skipped="0" hostname="Alexs-iMac.local" name="SeleniumObject" tests="1" failures="0" timestamp="03 Nov 2017 18:22:08 GMT" time="1.586" errors="0">
  <testcase name="testGooglePageTitleInIEBrowser" time="1.586" classname="SeleniumObject"/>
</testsuite> <!-- SeleniumObject -->
